<?xml version="1.0" encoding="UTF-8"?>
<testsuite name="com.bidly.CleanDatabaseTest" tests="1" skipped="0" failures="0" errors="0" timestamp="2026-08-28T11:55:19" hostname="DESKTOP-AMTTKL1" time="5.153">
  <properties/>
  <testcase name="cleanDummyData()" classname="com.bidly.CleanDatabaseTest" time="5.153"/>
  <system-out><![CDATA[=== CLEANING DUMMY DATA FROM NEON DB ===
Deleted dummy listing media: 0
Deleted dummy listings: 0
Deleted dummy community members: 0
Deleted dummy communities: 4

=== REMAINING LIVE LISTINGS ===
Listing: 7473920e-77b4-4583-9476-f37898e479f2 | tvtvtv | ?6988.00 | Chennai
Listing: 105ff332-3b43-4551-bb66-6fc2c5e81225 | gugiug | ?6399.00 | Chennai
Listing: 96895748-21b8-473a-b48f-b1ebb429c920 | fff | ?555.00 | Chennai
Listing: 83d9de1f-1368-41d2-96f5-cc587391c7d4 | ttt | ?89.00 | Chennai
Listing: d2e6de93-bf3e-431e-9cff-8458ae845b29 | jj9 | ?99.00 | 
Listing: c7f8fe87-739d-4370-b93e-b4c44ace9cd6 | rfgg | ?8558.00 | Chennai
Listing: b067cfc1-18c1-4e3f-877b-b3cad25032d2 | ghjj | ?5585.00 | 
Listing: e4666d44-8b97-4251-b80b-940ef0774781 | ppppp | ?996.00 | Chennai
Listing: f89464ce-d9d5-404d-9909-e2be946cc869 | y2y2 | ?66.00 | 
Listing: 0b3b1eb8-350b-40d0-bb58-e7436eef45ba | ufugyf | ?8665.00 | 
Listing: 06a0a01a-e6ef-4145-99ae-a13b1075af64 | hfyfyf | ?8665.00 | 
Listing: e224d1a1-f734-4695-877c-da73dc87b5cb | Phase 3.7 Optimized Camera Drone | ?78000.00 | Chennai
Listing: 35179162-5e21-41e9-917a-e8c623ffaeb1 | ooooo | ?595959.00 | Chennai
Listing: c136640f-0c8f-4a67-a362-af0ac94baea6 | Apple iPhone 15 Pro Max (Demo Auction) | ?30000.00 | Chennai
Listing: 4cb1917b-8bd9-4219-a38b-0fa53e86f52b | Phase 3.5 Test Multi-Media Drone | ?45000.00 | Chennai
Listing: 9738839b-b49e-403b-9ecc-54740a7179ec | Phase 3.5 Test Multi-Media Drone | ?45000.00 | Chennai
Listing: caa164cc-3229-46d3-bb3d-fda10ed0649b | DJI Mini 4 Pro 4K Drone | ?68000.00 | Chennai
Listing: eb64577c-89a0-4e5b-a9ca-82177d2aff9b | Vintage Hasselblad 500C/M | ?125000.00 | Bangalore
Listing: 7b724aee-cb6f-4b20-a3ec-6fa66952f742 | DJI Mini 4 Pro 4K Drone | ?68000.00 | Chennai
Listing: dae64972-0f24-4884-817e-3211f79bf521 | Vintage Hasselblad 500C/M | ?125000.00 | Bangalore
Listing: 12e9d932-8936-4c0f-a029-be83f62be9ac | Apple iPhone 15 Pro Max (Demo Auction) | ?30000.00 | Chennai
Listing: e752c46f-36fd-4589-a8e7-1409b0d3da5c | Apple iPhone 15 Pro Max (Demo Auction) | ?30000.00 | Chennai
Listing: 37d508a0-5f2c-431d-a568-9adf8a1a7844 | Phase 3.5 Test Multi-Media Drone | ?45000.00 | Chennai
Listing: 780b5818-8068-4c16-ad10-cc8cf649ee35 | Phase 3.6 4K Camera Drone Reel | ?62000.00 | Chennai
Listing: 1b10bd0f-9069-4ad5-9b82-16b66c11d9b9 | Phase 3.6 4K Camera Drone Reel | ?62000.00 | Chennai
Listing: 8e770b8e-1b6e-46dc-b345-558e2b0bd8b5 | Phase 3.6 4K Camera Drone Reel | ?62000.00 | Chennai

=== REMAINING LIVE COMMUNITIES ===
Community: 9a19dd9c-ccf1-4f66-b3f8-bc669e5f00c3 | ggggf | Electronics | Chennai
Community: 092769de-721c-4bad-ba25-4afae36dd9f6 | jjjj | Furniture | Chennai
Community: c5da35cf-81a4-4521-8eaf-d3ec0282f6fd | dhaya | Electronics | Chennai
Community: 1be05e22-fb00-4f1a-885b-cdeb9dbe4573 | yrv | Electronics | Chennai
]]></system-out>
  <system-err><![CDATA[]]></system-err>
</testsuite>
