<?xml version="1.0" encoding="UTF-8"?>
<testsuite name="com.bidly.RealTimeChatTest" tests="9" skipped="0" failures="0" errors="0" timestamp="2026-08-31T11:52:18" hostname="DESKTOP-AMTTKL1" time="4.168">
  <properties/>
  <testcase name="test4_unauthorizedAccess_rejectedWithForbidden()" classname="com.bidly.RealTimeChatTest" time="3.997"/>
  <testcase name="test2_sendMessage_idempotentDuplicateClientMessageId()" classname="com.bidly.RealTimeChatTest" time="0.027"/>
  <testcase name="test1_sendMessage_persistedAndBroadcasts()" classname="com.bidly.RealTimeChatTest" time="0.026"/>
  <testcase name="test7_counterOffer_updatesOfferAndBroadcastsCounteredEvent()" classname="com.bidly.RealTimeChatTest" time="0.019"/>
  <testcase name="test8_acceptOffer_marksListingSoldAndCreatesOrder()" classname="com.bidly.RealTimeChatTest" time="0.015"/>
  <testcase name="test9_rejectOffer_marksRejectedAndBroadcasts()" classname="com.bidly.RealTimeChatTest" time="0.01"/>
  <testcase name="test6_sendTypingIndicator_broadcastsEphemeralEvent()" classname="com.bidly.RealTimeChatTest" time="0.02"/>
  <testcase name="test5_createOffer_insertsChatMessageAndBroadcastsOffer()" classname="com.bidly.RealTimeChatTest" time="0.015"/>
  <testcase name="test3_markAsRead_updatesStatusAndBroadcastsReadReceipt()" classname="com.bidly.RealTimeChatTest" time="0.006"/>
  <system-out><![CDATA[17:22:22.493 [Test worker] INFO com.bidly.chat.service.ChatService -- [CHAT_IDEMPOTENT] Returning existing message 7757ab2f-8bdb-400b-b6a7-0466630f088c for clientMessageId uuid-msg-dup-1
17:22:22.528 [Test worker] INFO com.bidly.chat.service.ChatService -- [CHAT_WS] BROADCAST message roomId=6a66de14-4e69-46fa-9439-5f98b7257a77 msgId=953c3c1f-3d22-4cba-8ec9-d7658a5d438d sender=998a34a6-82cd-4be6-887d-c45b47a743a7
17:22:22.553 [Test worker] INFO com.bidly.offer.service.OfferService -- Counter offer of Rs. 42000.0 submitted on offer '6ac9f0d6-3cf7-456c-8cff-cfba3eb60453'
17:22:22.572 [Test worker] INFO com.bidly.offer.service.OfferService -- Offer '5504911d-86aa-437a-86db-139d6ea524fc' accepted. Listing 'iPhone 13 Pro 256GB' marked SOLD. Order 'ORD-2026-9999' created.
17:22:22.633 [Test worker] INFO com.bidly.offer.service.OfferService -- Offer of Rs. 42000.0 submitted for listing 'iPhone 13 Pro 256GB' by buyer 'Rahul V'
]]></system-out>
  <system-err><![CDATA[]]></system-err>
</testsuite>
